<?xml version="1.0" encoding="UTF-8"?>
<!-- Generated by org.testng.reporters.JUnitReportReporter -->
<testsuite hostname="HP" failures="0" tests="1" name="org.vedban.practice.PracticeTest" time="2.007" errors="0" timestamp="2022-05-29T21:35:47 IST" skipped="0">
  <testcase classname="org.vedban.practice.PracticeTest" name="sample" time="2.007"/>
  <system-out/>
</testsuite> <!-- org.vedban.practice.PracticeTest -->
