<?xml version="1.0" encoding="UTF-8"?>
<!-- Generated by org.testng.reporters.JUnitReportReporter -->
<testsuite hostname="HP" failures="0" tests="1" name="org.vedban.customer.CheckAmountbalance" time="2.562" errors="0" timestamp="2022-05-30T09:34:28 IST" skipped="0">
  <testcase classname="org.vedban.customer.CheckAmountbalance" name="checkAmountbalance" time="2.562"/>
  <system-out/>
</testsuite> <!-- org.vedban.customer.CheckAmountbalance -->
